This file contains any messages produced by compilers while
running configure, to aid debugging if configure makes a mistake.

It was created by openSMILE configure 2.3.0, which was
generated by GNU Autoconf 2.69.  Invocation command line was

  $ ./configure 

## --------- ##
## Platform. ##
## --------- ##

hostname = DellT20
uname -m = x86_64
uname -r = 3.13.0-32-generic
uname -s = Linux
uname -v = #57-Ubuntu SMP Tue Jul 15 03:51:08 UTC 2014

/usr/bin/uname -p = unknown
/bin/uname -X     = unknown

/bin/arch              = unknown
/usr/bin/arch -k       = unknown
/usr/convex/getsysinfo = unknown
/usr/bin/hostinfo      = unknown
/bin/machine           = unknown
/usr/bin/oslevel       = unknown
/bin/universe          = unknown

PATH: /usr/local/sbin
PATH: /usr/local/bin
PATH: /usr/sbin
PATH: /usr/bin
PATH: /sbin
PATH: /bin
PATH: /usr/games
PATH: /usr/local/games


## ----------- ##
## Core tests. ##
## ----------- ##

configure:2488: checking for a BSD-compatible install
configure:2556: result: /usr/bin/install -c
configure:2567: checking whether build environment is sane
configure:2622: result: yes
configure:2773: checking for a thread-safe mkdir -p
configure:2812: result: /bin/mkdir -p
configure:2819: checking for gawk
configure:2849: result: no
configure:2819: checking for mawk
configure:2835: found /usr/bin/mawk
configure:2846: result: mawk
configure:2857: checking whether make sets $(MAKE)
configure:2879: result: yes
configure:2908: checking whether make supports nested variables
configure:2925: result: yes
configure:3101: checking for gcc
configure:3117: found /usr/bin/gcc
configure:3128: result: gcc
configure:3357: checking for C compiler version
configure:3366: gcc --version >&5
gcc (Ubuntu 5.5.0-12ubuntu1~14.04) 5.5.0 20171010
Copyright (C) 2015 Free Software Foundation, Inc.
This is free software; see the source for copying conditions.  There is NO
warranty; not even for MERCHANTABILITY or FITNESS FOR A PARTICULAR PURPOSE.

configure:3377: $? = 0
configure:3366: gcc -v >&5
Using built-in specs.
COLLECT_GCC=gcc
COLLECT_LTO_WRAPPER=/usr/lib/gcc/x86_64-linux-gnu/5/lto-wrapper
Target: x86_64-linux-gnu
Configured with: ../src/configure -v --with-pkgversion='Ubuntu 5.5.0-12ubuntu1~14.04' --with-bugurl=file:///usr/share/doc/gcc-5/README.Bugs --enable-languages=c,ada,c++,java,go,d,fortran,objc,obj-c++ --prefix=/usr --program-suffix=-5 --enable-shared --enable-linker-build-id --libexecdir=/usr/lib --without-included-gettext --enable-threads=posix --libdir=/usr/lib --enable-nls --with-sysroot=/ --enable-clocale=gnu --enable-libstdcxx-debug --enable-libstdcxx-time=yes --with-default-libstdcxx-abi=gcc4-compatible --disable-libstdcxx-dual-abi --enable-gnu-unique-object --disable-vtable-verify --enable-libmpx --enable-plugin --with-system-zlib --disable-browser-plugin --enable-java-awt=gtk --enable-gtk-cairo --with-java-home=/usr/lib/jvm/java-1.5.0-gcj-5-amd64/jre --enable-java-home --with-jvm-root-dir=/usr/lib/jvm/java-1.5.0-gcj-5-amd64 --with-jvm-jar-dir=/usr/lib/jvm-exports/java-1.5.0-gcj-5-amd64 --with-arch-directory=amd64 --with-ecj-jar=/usr/share/java/eclipse-ecj.jar --enable-objc-gc --enable-multiarch --disable-werror --with-arch-32=i686 --with-abi=m64 --with-multilib-list=m32,m64,mx32 --enable-multilib --with-tune=generic --enable-checking=release --build=x86_64-linux-gnu --host=x86_64-linux-gnu --target=x86_64-linux-gnu
Thread model: posix
gcc version 5.5.0 20171010 (Ubuntu 5.5.0-12ubuntu1~14.04) 
configure:3377: $? = 0
configure:3366: gcc -V >&5
gcc: error: unrecognized command line option '-V'
gcc: fatal error: no input files
compilation terminated.
configure:3377: $? = 1
configure:3366: gcc -qversion >&5
gcc: error: unrecognized command line option '-qversion'
gcc: fatal error: no input files
compilation terminated.
configure:3377: $? = 1
configure:3397: checking whether the C compiler works
configure:3419: gcc    conftest.c  >&5
configure:3423: $? = 0
configure:3471: result: yes
configure:3474: checking for C compiler default output file name
configure:3476: result: a.out
configure:3482: checking for suffix of executables
configure:3489: gcc -o conftest    conftest.c  >&5
configure:3493: $? = 0
configure:3515: result: 
configure:3537: checking whether we are cross compiling
configure:3545: gcc -o conftest    conftest.c  >&5
configure:3549: $? = 0
configure:3556: ./conftest
configure:3560: $? = 0
configure:3575: result: no
configure:3580: checking for suffix of object files
configure:3602: gcc -c   conftest.c >&5
configure:3606: $? = 0
configure:3627: result: o
configure:3631: checking whether we are using the GNU C compiler
configure:3650: gcc -c   conftest.c >&5
configure:3650: $? = 0
configure:3659: result: yes
configure:3668: checking whether gcc accepts -g
configure:3688: gcc -c -g  conftest.c >&5
configure:3688: $? = 0
configure:3729: result: yes
configure:3746: checking for gcc option to accept ISO C89
configure:3809: gcc  -c -g -O2  conftest.c >&5
configure:3809: $? = 0
configure:3822: result: none needed
configure:3847: checking whether gcc understands -c and -o together
configure:3869: gcc -c conftest.c -o conftest2.o
configure:3872: $? = 0
configure:3869: gcc -c conftest.c -o conftest2.o
configure:3872: $? = 0
configure:3884: result: yes
configure:3912: checking for style of include used by make
configure:3940: result: GNU
configure:3966: checking dependency style of gcc
configure:4077: result: gcc3
configure:4150: checking for g++
configure:4166: found /usr/bin/g++
configure:4177: result: g++
configure:4204: checking for C++ compiler version
configure:4213: g++ --version >&5
g++ (Ubuntu 5.5.0-12ubuntu1~14.04) 5.5.0 20171010
Copyright (C) 2015 Free Software Foundation, Inc.
This is free software; see the source for copying conditions.  There is NO
warranty; not even for MERCHANTABILITY or FITNESS FOR A PARTICULAR PURPOSE.

configure:4224: $? = 0
configure:4213: g++ -v >&5
Using built-in specs.
COLLECT_GCC=g++
COLLECT_LTO_WRAPPER=/usr/lib/gcc/x86_64-linux-gnu/5/lto-wrapper
Target: x86_64-linux-gnu
Configured with: ../src/configure -v --with-pkgversion='Ubuntu 5.5.0-12ubuntu1~14.04' --with-bugurl=file:///usr/share/doc/gcc-5/README.Bugs --enable-languages=c,ada,c++,java,go,d,fortran,objc,obj-c++ --prefix=/usr --program-suffix=-5 --enable-shared --enable-linker-build-id --libexecdir=/usr/lib --without-included-gettext --enable-threads=posix --libdir=/usr/lib --enable-nls --with-sysroot=/ --enable-clocale=gnu --enable-libstdcxx-debug --enable-libstdcxx-time=yes --with-default-libstdcxx-abi=gcc4-compatible --disable-libstdcxx-dual-abi --enable-gnu-unique-object --disable-vtable-verify --enable-libmpx --enable-plugin --with-system-zlib --disable-browser-plugin --enable-java-awt=gtk --enable-gtk-cairo --with-java-home=/usr/lib/jvm/java-1.5.0-gcj-5-amd64/jre --enable-java-home --with-jvm-root-dir=/usr/lib/jvm/java-1.5.0-gcj-5-amd64 --with-jvm-jar-dir=/usr/lib/jvm-exports/java-1.5.0-gcj-5-amd64 --with-arch-directory=amd64 --with-ecj-jar=/usr/share/java/eclipse-ecj.jar --enable-objc-gc --enable-multiarch --disable-werror --with-arch-32=i686 --with-abi=m64 --with-multilib-list=m32,m64,mx32 --enable-multilib --with-tune=generic --enable-checking=release --build=x86_64-linux-gnu --host=x86_64-linux-gnu --target=x86_64-linux-gnu
Thread model: posix
gcc version 5.5.0 20171010 (Ubuntu 5.5.0-12ubuntu1~14.04) 
configure:4224: $? = 0
configure:4213: g++ -V >&5
g++: error: unrecognized command line option '-V'
g++: fatal error: no input files
compilation terminated.
configure:4224: $? = 1
configure:4213: g++ -qversion >&5
g++: error: unrecognized command line option '-qversion'
g++: fatal error: no input files
compilation terminated.
configure:4224: $? = 1
configure:4228: checking whether we are using the GNU C++ compiler
configure:4247: g++ -c   conftest.cpp >&5
configure:4247: $? = 0
configure:4256: result: yes
configure:4265: checking whether g++ accepts -g
configure:4285: g++ -c -g  conftest.cpp >&5
configure:4285: $? = 0
configure:4326: result: yes
configure:4351: checking dependency style of g++
configure:4462: result: gcc3
configure:4506: checking build system type
configure:4520: result: x86_64-unknown-linux-gnu
configure:4540: checking host system type
configure:4553: result: x86_64-unknown-linux-gnu
configure:4594: checking how to print strings
configure:4621: result: printf
configure:4642: checking for a sed that does not truncate output
configure:4706: result: /bin/sed
configure:4724: checking for grep that handles long lines and -e
configure:4782: result: /bin/grep
configure:4787: checking for egrep
configure:4849: result: /bin/grep -E
configure:4854: checking for fgrep
configure:4916: result: /bin/grep -F
configure:4951: checking for ld used by gcc
configure:5018: result: /usr/bin/ld
configure:5025: checking if the linker (/usr/bin/ld) is GNU ld
configure:5040: result: yes
configure:5052: checking for BSD- or MS-compatible name lister (nm)
configure:5101: result: /usr/bin/nm -B
configure:5231: checking the name lister (/usr/bin/nm -B) interface
configure:5238: gcc -c -g -O2  conftest.c >&5
configure:5241: /usr/bin/nm -B "conftest.o"
configure:5244: output
0000000000000000 B some_variable
configure:5251: result: BSD nm
configure:5254: checking whether ln -s works
configure:5258: result: yes
configure:5266: checking the maximum length of command line arguments
configure:5397: result: 1572864
configure:5414: checking whether the shell understands some XSI constructs
configure:5424: result: yes
configure:5428: checking whether the shell understands "+="
configure:5434: result: yes
configure:5469: checking how to convert x86_64-unknown-linux-gnu file names to x86_64-unknown-linux-gnu format
configure:5509: result: func_convert_file_noop
configure:5516: checking how to convert x86_64-unknown-linux-gnu file names to toolchain format
configure:5536: result: func_convert_file_noop
configure:5543: checking for /usr/bin/ld option to reload object files
configure:5550: result: -r
configure:5624: checking for objdump
configure:5640: found /usr/bin/objdump
configure:5651: result: objdump
configure:5683: checking how to recognize dependent libraries
configure:5881: result: pass_all
configure:5966: checking for dlltool
configure:5996: result: no
configure:6026: checking how to associate runtime and link libraries
configure:6053: result: printf %s\n
configure:6114: checking for ar
configure:6130: found /usr/bin/ar
configure:6141: result: ar
configure:6178: checking for archiver @FILE support
configure:6195: gcc -c -g -O2  conftest.c >&5
configure:6195: $? = 0
configure:6198: ar cru libconftest.a @conftest.lst >&5
configure:6201: $? = 0
configure:6206: ar cru libconftest.a @conftest.lst >&5
ar: conftest.o: No such file or directory
configure:6209: $? = 1
configure:6221: result: @
configure:6279: checking for strip
configure:6295: found /usr/bin/strip
configure:6306: result: strip
configure:6378: checking for ranlib
configure:6394: found /usr/bin/ranlib
configure:6405: result: ranlib
configure:6507: checking command to parse /usr/bin/nm -B output from gcc object
configure:6627: gcc -c -g -O2  conftest.c >&5
configure:6630: $? = 0
configure:6634: /usr/bin/nm -B conftest.o \| sed -n -e 's/^.*[ ]\([ABCDGIRSTW][ABCDGIRSTW]*\)[ ][ ]*\([_A-Za-z][_A-Za-z0-9]*\)$/\1 \2 \2/p' | sed '/ __gnu_lto/d' \> conftest.nm
configure:6637: $? = 0
configure:6703: gcc -o conftest -g -O2   conftest.c conftstm.o >&5
configure:6706: $? = 0
configure:6744: result: ok
configure:6781: checking for sysroot
configure:6811: result: no
configure:6888: gcc -c -g -O2  conftest.c >&5
configure:6891: $? = 0
configure:7080: checking for mt
configure:7096: found /bin/mt
configure:7107: result: mt
configure:7130: checking if mt is a manifest tool
configure:7136: mt '-?'
configure:7144: result: no
configure:7786: checking how to run the C preprocessor
configure:7817: gcc -E  conftest.c
configure:7817: $? = 0
configure:7831: gcc -E  conftest.c
conftest.c:11:28: fatal error: ac_nonexistent.h: No such file or directory
compilation terminated.
configure:7831: $? = 1
configure: failed program was:
| /* confdefs.h */
| #define PACKAGE_NAME "openSMILE"
| #define PACKAGE_TARNAME "opensmile"
| #define PACKAGE_VERSION "2.3.0"
| #define PACKAGE_STRING "openSMILE 2.3.0"
| #define PACKAGE_BUGREPORT ""
| #define PACKAGE_URL ""
| #define PACKAGE "opensmile"
| #define VERSION "2.3.0"
| /* end confdefs.h.  */
| #include <ac_nonexistent.h>
configure:7856: result: gcc -E
configure:7876: gcc -E  conftest.c
configure:7876: $? = 0
configure:7890: gcc -E  conftest.c
conftest.c:11:28: fatal error: ac_nonexistent.h: No such file or directory
compilation terminated.
configure:7890: $? = 1
configure: failed program was:
| /* confdefs.h */
| #define PACKAGE_NAME "openSMILE"
| #define PACKAGE_TARNAME "opensmile"
| #define PACKAGE_VERSION "2.3.0"
| #define PACKAGE_STRING "openSMILE 2.3.0"
| #define PACKAGE_BUGREPORT ""
| #define PACKAGE_URL ""
| #define PACKAGE "opensmile"
| #define VERSION "2.3.0"
| /* end confdefs.h.  */
| #include <ac_nonexistent.h>
configure:7919: checking for ANSI C header files
configure:7939: gcc -c -g -O2  conftest.c >&5
configure:7939: $? = 0
configure:8012: gcc -o conftest -g -O2   conftest.c  >&5
configure:8012: $? = 0
configure:8012: ./conftest
configure:8012: $? = 0
configure:8023: result: yes
configure:8036: checking for sys/types.h
configure:8036: gcc -c -g -O2  conftest.c >&5
configure:8036: $? = 0
configure:8036: result: yes
configure:8036: checking for sys/stat.h
configure:8036: gcc -c -g -O2  conftest.c >&5
configure:8036: $? = 0
configure:8036: result: yes
configure:8036: checking for stdlib.h
configure:8036: gcc -c -g -O2  conftest.c >&5
configure:8036: $? = 0
configure:8036: result: yes
configure:8036: checking for string.h
configure:8036: gcc -c -g -O2  conftest.c >&5
configure:8036: $? = 0
configure:8036: result: yes
configure:8036: checking for memory.h
configure:8036: gcc -c -g -O2  conftest.c >&5
configure:8036: $? = 0
configure:8036: result: yes
configure:8036: checking for strings.h
configure:8036: gcc -c -g -O2  conftest.c >&5
configure:8036: $? = 0
configure:8036: result: yes
configure:8036: checking for inttypes.h
configure:8036: gcc -c -g -O2  conftest.c >&5
configure:8036: $? = 0
configure:8036: result: yes
configure:8036: checking for stdint.h
configure:8036: gcc -c -g -O2  conftest.c >&5
configure:8036: $? = 0
configure:8036: result: yes
configure:8036: checking for unistd.h
configure:8036: gcc -c -g -O2  conftest.c >&5
configure:8036: $? = 0
configure:8036: result: yes
configure:8050: checking for dlfcn.h
configure:8050: gcc -c -g -O2  conftest.c >&5
configure:8050: $? = 0
configure:8050: result: yes
configure:8267: checking for objdir
configure:8282: result: .libs
configure:8553: checking if gcc supports -fno-rtti -fno-exceptions
configure:8571: gcc -c -g -O2  -fno-rtti -fno-exceptions conftest.c >&5
cc1: warning: command line option '-fno-rtti' is valid for C++/ObjC++ but not for C
configure:8575: $? = 0
configure:8588: result: no
configure:8915: checking for gcc option to produce PIC
configure:8922: result: -fPIC -DPIC
configure:8930: checking if gcc PIC flag -fPIC -DPIC works
configure:8948: gcc -c -g -O2  -fPIC -DPIC -DPIC conftest.c >&5
configure:8952: $? = 0
configure:8965: result: yes
configure:8994: checking if gcc static flag -static works
configure:9022: result: yes
configure:9037: checking if gcc supports -c -o file.o
configure:9058: gcc -c -g -O2  -o out/conftest2.o conftest.c >&5
configure:9062: $? = 0
configure:9084: result: yes
configure:9092: checking if gcc supports -c -o file.o
configure:9139: result: yes
configure:9172: checking whether the gcc linker (/usr/bin/ld -m elf_x86_64) supports shared libraries
configure:10329: result: yes
configure:10366: checking whether -lc should be explicitly linked in
configure:10374: gcc -c -g -O2  conftest.c >&5
configure:10377: $? = 0
configure:10392: gcc -shared  -fPIC -DPIC conftest.o  -v -Wl,-soname -Wl,conftest -o conftest 2\>\&1 \| /bin/grep  -lc  \>/dev/null 2\>\&1
configure:10395: $? = 0
configure:10409: result: no
configure:10569: checking dynamic linker characteristics
configure:11069: gcc -o conftest -g -O2   -Wl,-rpath -Wl,/foo conftest.c  >&5
configure:11069: $? = 0
configure:11303: result: GNU/Linux ld.so
configure:11410: checking how to hardcode library paths into programs
configure:11435: result: immediate
configure:11975: checking whether stripping libraries is possible
configure:11980: result: yes
configure:12015: checking if libtool supports shared libraries
configure:12017: result: yes
configure:12020: checking whether to build shared libraries
configure:12041: result: yes
configure:12044: checking whether to build static libraries
configure:12048: result: yes
configure:12071: checking how to run the C++ preprocessor
configure:12098: g++ -E  conftest.cpp
configure:12098: $? = 0
configure:12112: g++ -E  conftest.cpp
conftest.cpp:23:28: fatal error: ac_nonexistent.h: No such file or directory
compilation terminated.
configure:12112: $? = 1
configure: failed program was:
| /* confdefs.h */
| #define PACKAGE_NAME "openSMILE"
| #define PACKAGE_TARNAME "opensmile"
| #define PACKAGE_VERSION "2.3.0"
| #define PACKAGE_STRING "openSMILE 2.3.0"
| #define PACKAGE_BUGREPORT ""
| #define PACKAGE_URL ""
| #define PACKAGE "opensmile"
| #define VERSION "2.3.0"
| #define STDC_HEADERS 1
| #define HAVE_SYS_TYPES_H 1
| #define HAVE_SYS_STAT_H 1
| #define HAVE_STDLIB_H 1
| #define HAVE_STRING_H 1
| #define HAVE_MEMORY_H 1
| #define HAVE_STRINGS_H 1
| #define HAVE_INTTYPES_H 1
| #define HAVE_STDINT_H 1
| #define HAVE_UNISTD_H 1
| #define HAVE_DLFCN_H 1
| #define LT_OBJDIR ".libs/"
| /* end confdefs.h.  */
| #include <ac_nonexistent.h>
configure:12137: result: g++ -E
configure:12157: g++ -E  conftest.cpp
configure:12157: $? = 0
configure:12171: g++ -E  conftest.cpp
conftest.cpp:23:28: fatal error: ac_nonexistent.h: No such file or directory
compilation terminated.
configure:12171: $? = 1
configure: failed program was:
| /* confdefs.h */
| #define PACKAGE_NAME "openSMILE"
| #define PACKAGE_TARNAME "opensmile"
| #define PACKAGE_VERSION "2.3.0"
| #define PACKAGE_STRING "openSMILE 2.3.0"
| #define PACKAGE_BUGREPORT ""
| #define PACKAGE_URL ""
| #define PACKAGE "opensmile"
| #define VERSION "2.3.0"
| #define STDC_HEADERS 1
| #define HAVE_SYS_TYPES_H 1
| #define HAVE_SYS_STAT_H 1
| #define HAVE_STDLIB_H 1
| #define HAVE_STRING_H 1
| #define HAVE_MEMORY_H 1
| #define HAVE_STRINGS_H 1
| #define HAVE_INTTYPES_H 1
| #define HAVE_STDINT_H 1
| #define HAVE_UNISTD_H 1
| #define HAVE_DLFCN_H 1
| #define LT_OBJDIR ".libs/"
| /* end confdefs.h.  */
| #include <ac_nonexistent.h>
configure:12340: checking for ld used by g++
configure:12407: result: /usr/bin/ld -m elf_x86_64
configure:12414: checking if the linker (/usr/bin/ld -m elf_x86_64) is GNU ld
configure:12429: result: yes
configure:12484: checking whether the g++ linker (/usr/bin/ld -m elf_x86_64) supports shared libraries
configure:13486: result: yes
configure:13522: g++ -c -g -O2  conftest.cpp >&5
configure:13525: $? = 0
configure:14045: checking for g++ option to produce PIC
configure:14052: result: -fPIC -DPIC
configure:14060: checking if g++ PIC flag -fPIC -DPIC works
configure:14078: g++ -c -g -O2  -fPIC -DPIC -DPIC conftest.cpp >&5
configure:14082: $? = 0
configure:14095: result: yes
configure:14118: checking if g++ static flag -static works
configure:14146: result: yes
configure:14158: checking if g++ supports -c -o file.o
configure:14179: g++ -c -g -O2  -o out/conftest2.o conftest.cpp >&5
configure:14183: $? = 0
configure:14205: result: yes
configure:14210: checking if g++ supports -c -o file.o
configure:14257: result: yes
configure:14287: checking whether the g++ linker (/usr/bin/ld -m elf_x86_64) supports shared libraries
configure:14326: result: yes
configure:14467: checking dynamic linker characteristics
configure:15135: result: GNU/Linux ld.so
configure:15188: checking how to hardcode library paths into programs
configure:15213: result: immediate
configure:15320: checking for Pa_Initialize in -lportaudio
configure:15345: gcc -o conftest -g -O2   conftest.c -lportaudio   >&5
/usr/bin/ld: cannot find -lportaudio
collect2: error: ld returned 1 exit status
configure:15345: $? = 1
configure: failed program was:
| /* confdefs.h */
| #define PACKAGE_NAME "openSMILE"
| #define PACKAGE_TARNAME "opensmile"
| #define PACKAGE_VERSION "2.3.0"
| #define PACKAGE_STRING "openSMILE 2.3.0"
| #define PACKAGE_BUGREPORT ""
| #define PACKAGE_URL ""
| #define PACKAGE "opensmile"
| #define VERSION "2.3.0"
| #define STDC_HEADERS 1
| #define HAVE_SYS_TYPES_H 1
| #define HAVE_SYS_STAT_H 1
| #define HAVE_STDLIB_H 1
| #define HAVE_STRING_H 1
| #define HAVE_MEMORY_H 1
| #define HAVE_STRINGS_H 1
| #define HAVE_INTTYPES_H 1
| #define HAVE_STDINT_H 1
| #define HAVE_UNISTD_H 1
| #define HAVE_DLFCN_H 1
| #define LT_OBJDIR ".libs/"
| /* end confdefs.h.  */
| 
| /* Override any GCC internal prototype to avoid an error.
|    Use char because int might match the return type of a GCC
|    builtin and then its argument prototype would still apply.  */
| #ifdef __cplusplus
| extern "C"
| #endif
| char Pa_Initialize ();
| int
| main ()
| {
| return Pa_Initialize ();
|   ;
|   return 0;
| }
configure:15354: result: no
configure:15365: checking for Pa_GetHostApiCount in -lportaudio
configure:15390: gcc -o conftest -g -O2   conftest.c -lportaudio   >&5
/usr/bin/ld: cannot find -lportaudio
collect2: error: ld returned 1 exit status
configure:15390: $? = 1
configure: failed program was:
| /* confdefs.h */
| #define PACKAGE_NAME "openSMILE"
| #define PACKAGE_TARNAME "opensmile"
| #define PACKAGE_VERSION "2.3.0"
| #define PACKAGE_STRING "openSMILE 2.3.0"
| #define PACKAGE_BUGREPORT ""
| #define PACKAGE_URL ""
| #define PACKAGE "opensmile"
| #define VERSION "2.3.0"
| #define STDC_HEADERS 1
| #define HAVE_SYS_TYPES_H 1
| #define HAVE_SYS_STAT_H 1
| #define HAVE_STDLIB_H 1
| #define HAVE_STRING_H 1
| #define HAVE_MEMORY_H 1
| #define HAVE_STRINGS_H 1
| #define HAVE_INTTYPES_H 1
| #define HAVE_STDINT_H 1
| #define HAVE_UNISTD_H 1
| #define HAVE_DLFCN_H 1
| #define LT_OBJDIR ".libs/"
| /* end confdefs.h.  */
| 
| /* Override any GCC internal prototype to avoid an error.
|    Use char because int might match the return type of a GCC
|    builtin and then its argument prototype would still apply.  */
| #ifdef __cplusplus
| extern "C"
| #endif
| char Pa_GetHostApiCount ();
| int
| main ()
| {
| return Pa_GetHostApiCount ();
|   ;
|   return 0;
| }
configure:15399: result: no
configure:15433: WARNING: Compiling WITHOUT PortAudio support!! Sound recording will probably be broken!
configure:15764: checking for the pthreads library -lpthreads
configure:15797: gcc -o conftest -g -O2    conftest.c -lpthreads  >&5
conftest.c: In function 'main':
conftest.c:28:22: warning: null argument where non-null required (argument 1) [-Wnonnull]
                      pthread_attr_init(0); pthread_cleanup_push(0, 0);
                      ^
conftest.c:29:22: warning: null argument where non-null required (argument 1) [-Wnonnull]
                      pthread_create(0,0,0,0); pthread_cleanup_pop(0);
                      ^
conftest.c:29:22: warning: null argument where non-null required (argument 3) [-Wnonnull]
/usr/bin/ld: cannot find -lpthreads
collect2: error: ld returned 1 exit status
configure:15797: $? = 1
configure: failed program was:
| /* confdefs.h */
| #define PACKAGE_NAME "openSMILE"
| #define PACKAGE_TARNAME "opensmile"
| #define PACKAGE_VERSION "2.3.0"
| #define PACKAGE_STRING "openSMILE 2.3.0"
| #define PACKAGE_BUGREPORT ""
| #define PACKAGE_URL ""
| #define PACKAGE "opensmile"
| #define VERSION "2.3.0"
| #define STDC_HEADERS 1
| #define HAVE_SYS_TYPES_H 1
| #define HAVE_SYS_STAT_H 1
| #define HAVE_STDLIB_H 1
| #define HAVE_STRING_H 1
| #define HAVE_MEMORY_H 1
| #define HAVE_STRINGS_H 1
| #define HAVE_INTTYPES_H 1
| #define HAVE_STDINT_H 1
| #define HAVE_UNISTD_H 1
| #define HAVE_DLFCN_H 1
| #define LT_OBJDIR ".libs/"
| /* end confdefs.h.  */
| #include <pthread.h>
| int
| main ()
| {
| pthread_t th; pthread_join(th, 0);
|                      pthread_attr_init(0); pthread_cleanup_push(0, 0);
|                      pthread_create(0,0,0,0); pthread_cleanup_pop(0);
|   ;
|   return 0;
| }
configure:15806: result: no
configure:15709: checking whether pthreads work without any flags
configure:15797: gcc -o conftest -g -O2    conftest.c   >&5
conftest.c: In function 'main':
conftest.c:28:22: warning: null argument where non-null required (argument 1) [-Wnonnull]
                      pthread_attr_init(0); pthread_cleanup_push(0, 0);
                      ^
conftest.c:29:22: warning: null argument where non-null required (argument 1) [-Wnonnull]
                      pthread_create(0,0,0,0); pthread_cleanup_pop(0);
                      ^
conftest.c:29:22: warning: null argument where non-null required (argument 3) [-Wnonnull]
/tmp/ccGwhJj2.o: In function `main':
/home/chit/research_bawa/prosodic_feats/opensmile-2.3.0/conftest.c:27: undefined reference to `pthread_join'
/home/chit/research_bawa/prosodic_feats/opensmile-2.3.0/conftest.c:28: undefined reference to `__pthread_register_cancel'
/home/chit/research_bawa/prosodic_feats/opensmile-2.3.0/conftest.c:29: undefined reference to `pthread_create'
/home/chit/research_bawa/prosodic_feats/opensmile-2.3.0/conftest.c:29: undefined reference to `__pthread_unregister_cancel'
collect2: error: ld returned 1 exit status
configure:15797: $? = 1
configure: failed program was:
| /* confdefs.h */
| #define PACKAGE_NAME "openSMILE"
| #define PACKAGE_TARNAME "opensmile"
| #define PACKAGE_VERSION "2.3.0"
| #define PACKAGE_STRING "openSMILE 2.3.0"
| #define PACKAGE_BUGREPORT ""
| #define PACKAGE_URL ""
| #define PACKAGE "opensmile"
| #define VERSION "2.3.0"
| #define STDC_HEADERS 1
| #define HAVE_SYS_TYPES_H 1
| #define HAVE_SYS_STAT_H 1
| #define HAVE_STDLIB_H 1
| #define HAVE_STRING_H 1
| #define HAVE_MEMORY_H 1
| #define HAVE_STRINGS_H 1
| #define HAVE_INTTYPES_H 1
| #define HAVE_STDINT_H 1
| #define HAVE_UNISTD_H 1
| #define HAVE_DLFCN_H 1
| #define LT_OBJDIR ".libs/"
| /* end confdefs.h.  */
| #include <pthread.h>
| int
| main ()
| {
| pthread_t th; pthread_join(th, 0);
|                      pthread_attr_init(0); pthread_cleanup_push(0, 0);
|                      pthread_create(0,0,0,0); pthread_cleanup_pop(0);
|   ;
|   return 0;
| }
configure:15806: result: no
configure:15714: checking whether pthreads work with -Kthread
configure:15797: gcc -o conftest -g -O2 -Kthread   conftest.c   >&5
gcc: error: unrecognized command line option '-Kthread'
configure:15797: $? = 1
configure: failed program was:
| /* confdefs.h */
| #define PACKAGE_NAME "openSMILE"
| #define PACKAGE_TARNAME "opensmile"
| #define PACKAGE_VERSION "2.3.0"
| #define PACKAGE_STRING "openSMILE 2.3.0"
| #define PACKAGE_BUGREPORT ""
| #define PACKAGE_URL ""
| #define PACKAGE "opensmile"
| #define VERSION "2.3.0"
| #define STDC_HEADERS 1
| #define HAVE_SYS_TYPES_H 1
| #define HAVE_SYS_STAT_H 1
| #define HAVE_STDLIB_H 1
| #define HAVE_STRING_H 1
| #define HAVE_MEMORY_H 1
| #define HAVE_STRINGS_H 1
| #define HAVE_INTTYPES_H 1
| #define HAVE_STDINT_H 1
| #define HAVE_UNISTD_H 1
| #define HAVE_DLFCN_H 1
| #define LT_OBJDIR ".libs/"
| /* end confdefs.h.  */
| #include <pthread.h>
| int
| main ()
| {
| pthread_t th; pthread_join(th, 0);
|                      pthread_attr_init(0); pthread_cleanup_push(0, 0);
|                      pthread_create(0,0,0,0); pthread_cleanup_pop(0);
|   ;
|   return 0;
| }
configure:15806: result: no
configure:15714: checking whether pthreads work with -kthread
configure:15797: gcc -o conftest -g -O2 -kthread   conftest.c   >&5
gcc: error: unrecognized command line option '-kthread'
configure:15797: $? = 1
configure: failed program was:
| /* confdefs.h */
| #define PACKAGE_NAME "openSMILE"
| #define PACKAGE_TARNAME "opensmile"
| #define PACKAGE_VERSION "2.3.0"
| #define PACKAGE_STRING "openSMILE 2.3.0"
| #define PACKAGE_BUGREPORT ""
| #define PACKAGE_URL ""
| #define PACKAGE "opensmile"
| #define VERSION "2.3.0"
| #define STDC_HEADERS 1
| #define HAVE_SYS_TYPES_H 1
| #define HAVE_SYS_STAT_H 1
| #define HAVE_STDLIB_H 1
| #define HAVE_STRING_H 1
| #define HAVE_MEMORY_H 1
| #define HAVE_STRINGS_H 1
| #define HAVE_INTTYPES_H 1
| #define HAVE_STDINT_H 1
| #define HAVE_UNISTD_H 1
| #define HAVE_DLFCN_H 1
| #define LT_OBJDIR ".libs/"
| /* end confdefs.h.  */
| #include <pthread.h>
| int
| main ()
| {
| pthread_t th; pthread_join(th, 0);
|                      pthread_attr_init(0); pthread_cleanup_push(0, 0);
|                      pthread_create(0,0,0,0); pthread_cleanup_pop(0);
|   ;
|   return 0;
| }
configure:15806: result: no
configure:15764: checking for the pthreads library -llthread
configure:15797: gcc -o conftest -g -O2    conftest.c -llthread  >&5
conftest.c: In function 'main':
conftest.c:28:22: warning: null argument where non-null required (argument 1) [-Wnonnull]
                      pthread_attr_init(0); pthread_cleanup_push(0, 0);
                      ^
conftest.c:29:22: warning: null argument where non-null required (argument 1) [-Wnonnull]
                      pthread_create(0,0,0,0); pthread_cleanup_pop(0);
                      ^
conftest.c:29:22: warning: null argument where non-null required (argument 3) [-Wnonnull]
/usr/bin/ld: cannot find -llthread
collect2: error: ld returned 1 exit status
configure:15797: $? = 1
configure: failed program was:
| /* confdefs.h */
| #define PACKAGE_NAME "openSMILE"
| #define PACKAGE_TARNAME "opensmile"
| #define PACKAGE_VERSION "2.3.0"
| #define PACKAGE_STRING "openSMILE 2.3.0"
| #define PACKAGE_BUGREPORT ""
| #define PACKAGE_URL ""
| #define PACKAGE "opensmile"
| #define VERSION "2.3.0"
| #define STDC_HEADERS 1
| #define HAVE_SYS_TYPES_H 1
| #define HAVE_SYS_STAT_H 1
| #define HAVE_STDLIB_H 1
| #define HAVE_STRING_H 1
| #define HAVE_MEMORY_H 1
| #define HAVE_STRINGS_H 1
| #define HAVE_INTTYPES_H 1
| #define HAVE_STDINT_H 1
| #define HAVE_UNISTD_H 1
| #define HAVE_DLFCN_H 1
| #define LT_OBJDIR ".libs/"
| /* end confdefs.h.  */
| #include <pthread.h>
| int
| main ()
| {
| pthread_t th; pthread_join(th, 0);
|                      pthread_attr_init(0); pthread_cleanup_push(0, 0);
|                      pthread_create(0,0,0,0); pthread_cleanup_pop(0);
|   ;
|   return 0;
| }
configure:15806: result: no
configure:15764: checking for the pthreads library -lpthread
configure:15797: gcc -o conftest -g -O2    conftest.c -lpthread  >&5
conftest.c: In function 'main':
conftest.c:28:22: warning: null argument where non-null required (argument 1) [-Wnonnull]
                      pthread_attr_init(0); pthread_cleanup_push(0, 0);
                      ^
conftest.c:29:22: warning: null argument where non-null required (argument 1) [-Wnonnull]
                      pthread_create(0,0,0,0); pthread_cleanup_pop(0);
                      ^
conftest.c:29:22: warning: null argument where non-null required (argument 3) [-Wnonnull]
configure:15797: $? = 0
configure:15806: result: yes
configure:15825: checking for joinable pthread attribute
configure:15840: gcc -o conftest -g -O2    conftest.c -lpthread  >&5
configure:15840: $? = 0
configure:15846: result: PTHREAD_CREATE_JOINABLE
configure:15856: checking if more special flags are required for pthreads
configure:15863: result: no
configure:16147: checking that generated files are newer than configure
configure:16153: result: done
configure:16184: creating ./config.status

## ---------------------- ##
## Running config.status. ##
## ---------------------- ##

This file was extended by openSMILE config.status 2.3.0, which was
generated by GNU Autoconf 2.69.  Invocation command line was

  CONFIG_FILES    = 
  CONFIG_HEADERS  = 
  CONFIG_LINKS    = 
  CONFIG_COMMANDS = 
  $ ./config.status 

on DellT20

config.status:1160: creating Makefile
config.status:1160: creating config.h
config.status:1389: executing depfiles commands
config.status:1389: executing libtool commands

## ---------------- ##
## Cache variables. ##
## ---------------- ##

ac_cv_build=x86_64-unknown-linux-gnu
ac_cv_c_compiler_gnu=yes
ac_cv_cxx_compiler_gnu=yes
ac_cv_env_CCC_set=
ac_cv_env_CCC_value=
ac_cv_env_CC_set=
ac_cv_env_CC_value=
ac_cv_env_CFLAGS_set=
ac_cv_env_CFLAGS_value=
ac_cv_env_CPPFLAGS_set=
ac_cv_env_CPPFLAGS_value=
ac_cv_env_CPP_set=
ac_cv_env_CPP_value=
ac_cv_env_CXXCPP_set=
ac_cv_env_CXXCPP_value=
ac_cv_env_CXXFLAGS_set=
ac_cv_env_CXXFLAGS_value=
ac_cv_env_CXX_set=
ac_cv_env_CXX_value=
ac_cv_env_LDFLAGS_set=
ac_cv_env_LDFLAGS_value=
ac_cv_env_LIBS_set=
ac_cv_env_LIBS_value=
ac_cv_env_build_alias_set=
ac_cv_env_build_alias_value=
ac_cv_env_host_alias_set=
ac_cv_env_host_alias_value=
ac_cv_env_target_alias_set=
ac_cv_env_target_alias_value=
ac_cv_header_dlfcn_h=yes
ac_cv_header_inttypes_h=yes
ac_cv_header_memory_h=yes
ac_cv_header_stdc=yes
ac_cv_header_stdint_h=yes
ac_cv_header_stdlib_h=yes
ac_cv_header_string_h=yes
ac_cv_header_strings_h=yes
ac_cv_header_sys_stat_h=yes
ac_cv_header_sys_types_h=yes
ac_cv_header_unistd_h=yes
ac_cv_host=x86_64-unknown-linux-gnu
ac_cv_lib_portaudio_Pa_GetHostApiCount=no
ac_cv_lib_portaudio_Pa_Initialize=no
ac_cv_objext=o
ac_cv_path_EGREP='/bin/grep -E'
ac_cv_path_FGREP='/bin/grep -F'
ac_cv_path_GREP=/bin/grep
ac_cv_path_SED=/bin/sed
ac_cv_path_install='/usr/bin/install -c'
ac_cv_path_mkdir=/bin/mkdir
ac_cv_prog_AWK=mawk
ac_cv_prog_CPP='gcc -E'
ac_cv_prog_CXXCPP='g++ -E'
ac_cv_prog_ac_ct_AR=ar
ac_cv_prog_ac_ct_CC=gcc
ac_cv_prog_ac_ct_CXX=g++
ac_cv_prog_ac_ct_MANIFEST_TOOL=mt
ac_cv_prog_ac_ct_OBJDUMP=objdump
ac_cv_prog_ac_ct_RANLIB=ranlib
ac_cv_prog_ac_ct_STRIP=strip
ac_cv_prog_cc_c89=
ac_cv_prog_cc_g=yes
ac_cv_prog_cxx_g=yes
ac_cv_prog_make_make_set=yes
am_cv_CC_dependencies_compiler_type=gcc3
am_cv_CXX_dependencies_compiler_type=gcc3
am_cv_make_support_nested_variables=yes
am_cv_prog_cc_c_o=yes
lt_cv_ar_at_file=@
lt_cv_archive_cmds_need_lc=no
lt_cv_deplibs_check_method=pass_all
lt_cv_file_magic_cmd='$MAGIC_CMD'
lt_cv_file_magic_test_file=
lt_cv_ld_reload_flag=-r
lt_cv_nm_interface='BSD nm'
lt_cv_objdir=.libs
lt_cv_path_LD=/usr/bin/ld
lt_cv_path_LDCXX='/usr/bin/ld -m elf_x86_64'
lt_cv_path_NM='/usr/bin/nm -B'
lt_cv_path_mainfest_tool=no
lt_cv_prog_compiler_c_o=yes
lt_cv_prog_compiler_c_o_CXX=yes
lt_cv_prog_compiler_pic='-fPIC -DPIC'
lt_cv_prog_compiler_pic_CXX='-fPIC -DPIC'
lt_cv_prog_compiler_pic_works=yes
lt_cv_prog_compiler_pic_works_CXX=yes
lt_cv_prog_compiler_rtti_exceptions=no
lt_cv_prog_compiler_static_works=yes
lt_cv_prog_compiler_static_works_CXX=yes
lt_cv_prog_gnu_ld=yes
lt_cv_prog_gnu_ldcxx=yes
lt_cv_sharedlib_from_linklib_cmd='printf %s\n'
lt_cv_shlibpath_overrides_runpath=no
lt_cv_sys_global_symbol_pipe='sed -n -e '\''s/^.*[	 ]\([ABCDGIRSTW][ABCDGIRSTW]*\)[	 ][	 ]*\([_A-Za-z][_A-Za-z0-9]*\)$/\1 \2 \2/p'\'' | sed '\''/ __gnu_lto/d'\'''
lt_cv_sys_global_symbol_to_c_name_address='sed -n -e '\''s/^: \([^ ]*\)[ ]*$/  {\"\1\", (void *) 0},/p'\'' -e '\''s/^[ABCDGIRSTW]* \([^ ]*\) \([^ ]*\)$/  {"\2", (void *) \&\2},/p'\'''
lt_cv_sys_global_symbol_to_c_name_address_lib_prefix='sed -n -e '\''s/^: \([^ ]*\)[ ]*$/  {\"\1\", (void *) 0},/p'\'' -e '\''s/^[ABCDGIRSTW]* \([^ ]*\) \(lib[^ ]*\)$/  {"\2", (void *) \&\2},/p'\'' -e '\''s/^[ABCDGIRSTW]* \([^ ]*\) \([^ ]*\)$/  {"lib\2", (void *) \&\2},/p'\'''
lt_cv_sys_global_symbol_to_cdecl='sed -n -e '\''s/^T .* \(.*\)$/extern int \1();/p'\'' -e '\''s/^[ABCDGIRSTW]* .* \(.*\)$/extern char \1;/p'\'''
lt_cv_sys_max_cmd_len=1572864
lt_cv_to_host_file_cmd=func_convert_file_noop
lt_cv_to_tool_file_cmd=func_convert_file_noop

## ----------------- ##
## Output variables. ##
## ----------------- ##

ACLOCAL='${SHELL} /home/chit/research_bawa/prosodic_feats/opensmile-2.3.0/missing aclocal-1.14'
AMDEPBACKSLASH='\'
AMDEP_FALSE='#'
AMDEP_TRUE=''
AMTAR='$${TAR-tar}'
AM_BACKSLASH='\'
AM_DEFAULT_V='$(AM_DEFAULT_VERBOSITY)'
AM_DEFAULT_VERBOSITY='1'
AM_V='$(V)'
ANDROID_LDFLAGS=''
AR='ar'
AUTOCONF='${SHELL} /home/chit/research_bawa/prosodic_feats/opensmile-2.3.0/missing autoconf'
AUTOHEADER='${SHELL} /home/chit/research_bawa/prosodic_feats/opensmile-2.3.0/missing autoheader'
AUTOMAKE='${SHELL} /home/chit/research_bawa/prosodic_feats/opensmile-2.3.0/missing automake-1.14'
AWK='mawk'
BUILD_SMILExtract_FALSE='#'
BUILD_SMILExtract_TRUE=''
CC='gcc'
CCDEPMODE='depmode=gcc3'
CFLAGS='-g -O2'
CPP='gcc -E'
CPPFLAGS=''
CXX='g++'
CXXCPP='g++ -E'
CXXDEPMODE='depmode=gcc3'
CXXFLAGS='-g -O2'
CYGPATH_W='echo'
DEFS='-DHAVE_CONFIG_H'
DEPDIR='.deps'
DLIB='-ldl'
DLLTOOL='false'
DSYMUTIL=''
DUMPBIN=''
ECHO_C=''
ECHO_N='-n'
ECHO_T=''
EGREP='/bin/grep -E'
EXEEXT=''
FGREP='/bin/grep -F'
GREP='/bin/grep'
INSTALL_DATA='${INSTALL} -m 644'
INSTALL_PROGRAM='${INSTALL}'
INSTALL_SCRIPT='${INSTALL}'
INSTALL_STRIP_PROGRAM='$(install_sh) -c -s'
LD='/usr/bin/ld -m elf_x86_64'
LDFLAGS=''
LIBOBJS=''
LIBS=''
LIBTOOL='$(SHELL) $(top_builddir)/libtool'
LIPO=''
LN_S='ln -s'
LTLIBOBJS=''
MAKEINFO='${SHELL} /home/chit/research_bawa/prosodic_feats/opensmile-2.3.0/missing makeinfo'
MANIFEST_TOOL=':'
MKDIR_P='/bin/mkdir -p'
NM='/usr/bin/nm -B'
NMEDIT=''
OBJDUMP='objdump'
OBJEXT='o'
OPENCV_CPPFLAGS=''
OPENCV_LDFLAGS=''
OPENCV_ROOT='no'
OTOOL64=''
OTOOL=''
PACKAGE='opensmile'
PACKAGE_BUGREPORT=''
PACKAGE_NAME='openSMILE'
PACKAGE_STRING='openSMILE 2.3.0'
PACKAGE_TARNAME='opensmile'
PACKAGE_URL=''
PACKAGE_VERSION='2.3.0'
PATH_SEPARATOR=':'
PORTAUDIO_CPPFLAGS=''
PORTAUDIO_LDFLAGS=''
PORTAUDIO_ROOT='/usr'
PTHREAD_CC='gcc'
PTHREAD_CFLAGS=''
PTHREAD_LIBS='-lpthread'
RANLIB='ranlib'
SED='/bin/sed'
SET_MAKE=''
SHELL='/bin/bash'
STRIP='strip'
VERSION='2.3.0'
ac_ct_AR='ar'
ac_ct_CC='gcc'
ac_ct_CXX='g++'
ac_ct_DUMPBIN=''
acx_pthread_config=''
am__EXEEXT_FALSE=''
am__EXEEXT_TRUE='#'
am__fastdepCC_FALSE='#'
am__fastdepCC_TRUE=''
am__fastdepCXX_FALSE='#'
am__fastdepCXX_TRUE=''
am__include='include'
am__isrc=''
am__leading_dot='.'
am__nodep='_no'
am__quote=''
am__tar='$${TAR-tar} chof - "$$tardir"'
am__untar='$${TAR-tar} xf -'
bindir='${exec_prefix}/bin'
build='x86_64-unknown-linux-gnu'
build_alias=''
build_cpu='x86_64'
build_os='linux-gnu'
build_vendor='unknown'
datadir='${datarootdir}'
datarootdir='${prefix}/share'
docdir='${datarootdir}/doc/${PACKAGE_TARNAME}'
dvidir='${docdir}'
exec_prefix='${prefix}'
host='x86_64-unknown-linux-gnu'
host_alias=''
host_cpu='x86_64'
host_os='linux-gnu'
host_vendor='unknown'
htmldir='${docdir}'
includedir='${prefix}/include'
infodir='${datarootdir}/info'
install_sh='${SHELL} /home/chit/research_bawa/prosodic_feats/opensmile-2.3.0/install-sh'
libdir='${exec_prefix}/lib'
libexecdir='${exec_prefix}/libexec'
localedir='${datarootdir}/locale'
localstatedir='${prefix}/var'
mandir='${datarootdir}/man'
mkdir_p='$(MKDIR_P)'
oldincludedir='/usr/include'
pdfdir='${docdir}'
prefix='/usr/local'
program_transform_name='s,x,x,'
psdir='${docdir}'
sbindir='${exec_prefix}/sbin'
sharedstatedir='${prefix}/com'
sysconfdir='${prefix}/etc'
target_alias=''

## ----------- ##
## confdefs.h. ##
## ----------- ##

/* confdefs.h */
#define PACKAGE_NAME "openSMILE"
#define PACKAGE_TARNAME "opensmile"
#define PACKAGE_VERSION "2.3.0"
#define PACKAGE_STRING "openSMILE 2.3.0"
#define PACKAGE_BUGREPORT ""
#define PACKAGE_URL ""
#define PACKAGE "opensmile"
#define VERSION "2.3.0"
#define STDC_HEADERS 1
#define HAVE_SYS_TYPES_H 1
#define HAVE_SYS_STAT_H 1
#define HAVE_STDLIB_H 1
#define HAVE_STRING_H 1
#define HAVE_MEMORY_H 1
#define HAVE_STRINGS_H 1
#define HAVE_INTTYPES_H 1
#define HAVE_STDINT_H 1
#define HAVE_UNISTD_H 1
#define HAVE_DLFCN_H 1
#define LT_OBJDIR ".libs/"
#define HAVE_PTHREAD 1
#define WITH_LIVEREC 1
#define HAVE_AUTOCONF 1

configure: exit 0

## ---------------------- ##
## Running config.status. ##
## ---------------------- ##

This file was extended by openSMILE config.status 2.3.0, which was
generated by GNU Autoconf 2.69.  Invocation command line was

  CONFIG_FILES    = 
  CONFIG_HEADERS  = 
  CONFIG_LINKS    = 
  CONFIG_COMMANDS = 
  $ ./config.status config.h

on DellT20

config.status:1160: creating config.h
config.status:1341: config.h is unchanged
